Command line:
   devolucion_isim_beh.exe
     -simmode  gui
     -simrunnum  0
     -socket  51299

Tue Jan 14 23:07:27 2014


 Elaboration Time: 0.982806 sec

 Current Memory Usage: 1319.48 Meg

 Total Signals          : 13
 Total Nets             : 27
 Total Signal Drivers   : 19
 Total Blocks           : 4
 Total Primitive Blocks : 4
 Total Processes        : 2
 Total Traceable Variables  : 10
 Total Scalar Nets and Variables : 405
Total Line Count : 45

 Total Simulation Time: 0.982806 sec

 Current Memory Usage: 847.598 Meg

Tue Jan 14 23:09:37 2014

