Running: C:\Xilinx\14.6\ISE_DS\ISE\bin\nt\unwrapped\fuse.exe -intstyle ise -incremental -o C:/Users/Hubert/Desktop/Trabajo SED Expender Maquiner/Trabajo_SED Martes B/devolucion_tb_isim_beh.exe -prj C:/Users/Hubert/Desktop/Trabajo SED Expender Maquiner/Trabajo_SED Martes B/devolucion_tb_beh.prj work.devolucion_tb 
ISim P.68d (signature 0x8ef4fb42)
Number of CPUs detected in this system: 2
Turning on mult-threading, number of parallel sub-compilation jobs: 4 
Determining compilation order of HDL files
Parsing VHDL file "C:/Users/Hubert/Desktop/Trabajo SED Expender Maquiner/Trabajo_SED Martes B/devolucion.vhd" into library work
Parsing VHDL file "C:/Users/Hubert/Desktop/Trabajo SED Expender Maquiner/Trabajo_SED Martes B/devolucion_tb.vhd" into library work
Starting static elaboration
Completed static elaboration
Fuse Memory Usage: 106588 KB
Fuse CPU Usage: 467 ms
Compiling package standard
Compiling package std_logic_1164
Compiling package std_logic_arith
Compiling package std_logic_unsigned
Compiling architecture behavioral of entity devolucion [devolucion_default]
Compiling architecture behavior of entity devolucion_tb
Time Resolution for simulation is 1ps.
Waiting for 2 sub-compilation(s) to finish...
Compiled 7 VHDL Units
Built simulation executable C:/Users/Hubert/Desktop/Trabajo SED Expender Maquiner/Trabajo_SED Martes B/devolucion_tb_isim_beh.exe
Fuse Memory Usage: 121612 KB
Fuse CPU Usage: 717 ms
