Command line:
   maquina_isim_beh.exe
     -simmode  gui
     -simrunnum  0
     -socket  50821

Tue Jan 14 21:14:14 2014


 Elaboration Time: 0.920405 sec

 Current Memory Usage: 1319.38 Meg

 Total Signals          : 19
 Total Nets             : 19
 Total Signal Drivers   : 8
 Total Blocks           : 2
 Total Primitive Blocks : 2
 Total Processes        : 2
 Total Traceable Variables  : 8
 Total Scalar Nets and Variables : 379
Total Line Count : 39

 Total Simulation Time: 0.936005 sec

 Current Memory Usage: 1476.64 Meg

Tue Jan 14 21:15:02 2014

